2018-12-16 20:59:13,247 DEBUG root: Configuration:
{
    "active_model": "BERT_textonly",
    "models": {
        "baseline": {
            "hyperparameters": {
                "learning_rate": 8e-05,
                "inp_size": 314,
                "dropout_rate": 0.5,
                "batch_size": 16,
                "epochs": 70,
                "sep_token": "<sep>",
                "FC_layers": 2,
                "FC_size": 320
            },
            "Xtrain_data": "data_preprocessing/saved_data_RumEval2019_NOREDDIT/train/train.json",
            "Xdev_data": "data_preprocessing/saved_data_RumEval2019_NOREDDIT/dev/dev.json",
            "train_data": "data_preprocessing/saved_data_RumEval2019/train/train.json",
            "dev_data": "data_preprocessing/saved_data_RumEval2019/dev/dev.json",
            "cuda": true,
            "embeddings": "fasttext.en.300d",
            "vector_cache": "../Figurative_Language/.vector_cache"
        },
        "baseline_LSTM": {
            "hyperparameters": {
                "learning_rate": 8e-05,
                "dropout_rate": 0.5,
                "batch_size": 16,
                "epochs": 70,
                "sep_token": "<sep>",
                "RNN_nhidden": 314,
                "RNN_layers": 1,
                "RNN_input_dim": 314,
                "RNN_clip": 0.5,
                "FC_layers": 2,
                "FC_size": 320
            },
            "train_data": "data_preprocessing/saved_data_RumEval2019/train/train.json",
            "dev_data": "data_preprocessing/saved_data_RumEval2019/dev/dev.json",
            "cuda": true,
            "embeddings": "fasttext.en.300d",
            "vector_cache": "../Figurative_Language/.vector_cache"
        },
        "selfatt_textonly": {
            "hyperparameters": {
                "learning_rate": 1e-05,
                "dropout_rate": 0.5,
                "batch_size": 64,
                "epochs": 90,
                "sep_token": "<sep>",
                "RNN_nhidden": 300,
                "RNN_layers": 1,
                "RNN_input_dim": 300,
                "RNN_clip": 0.5,
                "ATTENTION_nhidden": 320,
                "ATTENTION_hops": 60,
                "FC_layers": 0,
                "FC_size": 300,
                "cov_penalization": 0.0,
                "optimize_embeddings": true
            },
            "train_data": "data_preprocessing/saved_data_RumEval2019/train/train.json",
            "dev_data": "data_preprocessing/saved_data_RumEval2019/dev/dev.json",
            "cuda": true,
            "embeddings": "fasttext.en.300d",
            "vector_cache": "../Figurative_Language/.vector_cache"
        },
        "BERT_textonly": {
            "hyperparameters": {
                "learning_rate": 1e-05,
                "batch_size": 16,
                "max_length": 200,
                "epochs": 90,
                "attention_probs_dropout_prob": 0.5,
                "hidden_act": "gelu",
                "hidden_dropout_prob": 0.5,
                "hidden_size": 768,
                "initializer_range": 0.02,
                "intermediate_size": 3072,
                "max_position_embeddings": 512,
                "num_attention_heads": 12,
                "num_hidden_layers": 12,
                "type_vocab_size": 2,
                "vocab_size": 30522
            },
            "train_data": "data_preprocessing/saved_data_RumEval2019/train/train.json",
            "dev_data": "data_preprocessing/saved_data_RumEval2019/dev/dev.json",
            "cuda": true
        },
        "selfatt_text_and_baseline": {
            "hyperparameters": {
                "learning_rate": 1e-05,
                "inp_size": 314,
                "dropout_rate": 0.5,
                "batch_size": 16,
                "epochs": 500,
                "sep_token": "<sep>",
                "RNN_nhidden": 300,
                "RNN_layers": 1,
                "RNN_input_dim": 300,
                "RNN_clip": 0.5,
                "ATTENTION_nhidden": 320,
                "ATTENTION_hops": 10,
                "FC_layers": 2,
                "FC_size": 314,
                "cov_penalization": 0.0,
                "optimize_embeddings": true
            },
            "train_data": "data_preprocessing/saved_data_RumEval2019/train/train.json",
            "dev_data": "data_preprocessing/saved_data_RumEval2019/dev/dev.json",
            "cuda": true,
            "embeddings": "fasttext.en.300d",
            "vector_cache": "../Figurative_Language/.vector_cache"
        }
    }
}
2018-12-16 20:59:13,249 DEBUG urllib3.connectionpool: Starting new HTTPS connection (1): s3.amazonaws.com
2018-12-16 20:59:13,695 DEBUG urllib3.connectionpool: https://s3.amazonaws.com:443 "HEAD /models.huggingface.co/bert/bert-base-uncased-vocab.txt HTTP/1.1" 200 0
2018-12-16 20:59:18,676 DEBUG urllib3.connectionpool: Starting new HTTPS connection (1): s3.amazonaws.com
2018-12-16 20:59:19,128 DEBUG urllib3.connectionpool: https://s3.amazonaws.com:443 "HEAD /models.huggingface.co/bert/bert-base-uncased.tar.gz HTTP/1.1" 200 0
