2018-12-11 19:04:56,243 INFO torchtext.vocab: Loading vectors from ../Figurative_Language/.vector_cache/wiki.en.vec.pt
2018-12-11 19:05:04,910 INFO root: Train examples: 3560
Validation examples: 966
2018-12-11 19:05:04,943 INFO root: Optimize embeddings = True
2018-12-11 19:05:04,943 INFO root: Vocabulary size = 12603
2018-12-11 19:05:08,226 INFO root: Model has 5446104 trainable parameters.
2018-12-11 19:05:08,226 INFO root: Manual seed 42
2018-12-11 19:05:18,929 INFO root: Epoch 0, Validation loss|acc: 4.554413|0.536377 - (Best 4.5544|0.536377)
2018-12-11 19:05:29,589 INFO root: Epoch 1, Validation loss|acc: 4.099450|0.536377 - (Best 4.0994|0.536377)
2018-12-11 19:05:40,158 INFO root: Epoch 2, Validation loss|acc: 4.050831|0.532454 - (Best 4.0508|0.536377)
2018-12-11 19:05:50,750 INFO root: Epoch 3, Validation loss|acc: 4.167032|0.511056 - (Best 4.0508|0.536377)
2018-12-11 19:06:01,395 INFO root: Epoch 4, Validation loss|acc: 4.197079|0.521755 - (Best 4.0508|0.536377)
2018-12-11 19:06:12,032 INFO root: Epoch 5, Validation loss|acc: 4.127690|0.525321 - (Best 4.0508|0.536377)
2018-12-11 19:06:22,621 INFO root: Epoch 6, Validation loss|acc: 4.011243|0.561698 - (Best 4.0112|0.561698)
2018-12-11 19:06:33,237 INFO root: Epoch 7, Validation loss|acc: 3.933930|0.596648 - (Best 3.9339|0.596648)
2018-12-11 19:06:44,049 INFO root: Epoch 8, Validation loss|acc: 3.881717|0.621255 - (Best 3.8817|0.621255)
2018-12-11 19:06:54,782 INFO root: Epoch 9, Validation loss|acc: 3.852313|0.633024 - (Best 3.8523|0.633024)
2018-12-11 19:07:05,761 INFO root: Epoch 10, Validation loss|acc: 3.867923|0.584165 - (Best 3.8523|0.633024)
2018-12-11 19:07:17,991 INFO root: Epoch 11, Validation loss|acc: 3.882180|0.575963 - (Best 3.8523|0.633024)
2018-12-11 19:07:29,309 INFO root: Epoch 12, Validation loss|acc: 3.793013|0.596648 - (Best 3.7930|0.633024)
2018-12-11 19:07:40,729 INFO root: Epoch 13, Validation loss|acc: 3.771998|0.600214 - (Best 3.7720|0.633024)
2018-12-11 19:07:52,138 INFO root: Epoch 14, Validation loss|acc: 3.781192|0.603067 - (Best 3.7720|0.633024)
2018-12-11 19:08:05,070 INFO root: Epoch 15, Validation loss|acc: 3.783578|0.605207 - (Best 3.7720|0.633024)
2018-12-11 19:08:18,161 INFO root: Epoch 16, Validation loss|acc: 3.759233|0.605920 - (Best 3.7592|0.633024)
2018-12-11 19:08:31,557 INFO root: Epoch 17, Validation loss|acc: 3.711090|0.608773 - (Best 3.7111|0.633024)
2018-12-11 19:08:45,226 INFO root: Epoch 18, Validation loss|acc: 3.702143|0.604137 - (Best 3.7021|0.633024)
2018-12-11 19:08:58,943 INFO root: Epoch 19, Validation loss|acc: 3.715121|0.612696 - (Best 3.7021|0.633024)
2018-12-11 19:09:12,547 INFO root: Epoch 20, Validation loss|acc: 3.747351|0.604850 - (Best 3.7021|0.633024)
2018-12-11 19:09:25,422 INFO root: Epoch 21, Validation loss|acc: 3.738518|0.599501 - (Best 3.7021|0.633024)
2018-12-11 19:09:37,132 INFO root: Epoch 22, Validation loss|acc: 3.745990|0.597004 - (Best 3.7021|0.633024)
2018-12-11 19:09:48,527 INFO root: Epoch 23, Validation loss|acc: 3.710412|0.600214 - (Best 3.7021|0.633024)
2018-12-11 19:10:00,120 INFO root: Epoch 24, Validation loss|acc: 3.701239|0.603067 - (Best 3.7012|0.633024)
2018-12-11 19:10:11,720 INFO root: Epoch 25, Validation loss|acc: 3.693534|0.615906 - (Best 3.6935|0.633024)
2018-12-11 19:10:24,464 INFO root: Epoch 26, Validation loss|acc: 3.648293|0.638730 - (Best 3.6483|0.638730)
2018-12-11 19:10:37,785 INFO root: Epoch 27, Validation loss|acc: 3.837777|0.661912 - (Best 3.6483|0.661912)
2018-12-11 19:10:51,185 INFO root: Epoch 28, Validation loss|acc: 3.712395|0.653352 - (Best 3.6483|0.661912)
2018-12-11 19:11:04,692 INFO root: Epoch 29, Validation loss|acc: 3.833416|0.677247 - (Best 3.6483|0.677247)
2018-12-11 19:11:18,415 INFO root: Epoch 30, Validation loss|acc: 3.617467|0.645863 - (Best 3.6175|0.677247)
2018-12-11 19:11:31,677 INFO root: Epoch 31, Validation loss|acc: 3.544606|0.650143 - (Best 3.5446|0.677247)
2018-12-11 19:11:43,786 INFO root: Epoch 32, Validation loss|acc: 3.415462|0.651926 - (Best 3.4155|0.677247)
2018-12-11 19:11:55,357 INFO root: Epoch 33, Validation loss|acc: 3.372094|0.659058 - (Best 3.3721|0.677247)
2018-12-11 19:12:06,768 INFO root: Epoch 34, Validation loss|acc: 3.379066|0.649429 - (Best 3.3721|0.677247)
2018-12-11 19:12:18,282 INFO root: Epoch 35, Validation loss|acc: 3.323918|0.663338 - (Best 3.3239|0.677247)
2018-12-11 19:12:30,581 INFO root: Epoch 36, Validation loss|acc: 3.294586|0.665478 - (Best 3.2946|0.677247)
2018-12-11 19:12:43,666 INFO root: Epoch 37, Validation loss|acc: 3.346387|0.658345 - (Best 3.2946|0.677247)
2018-12-11 19:12:56,753 INFO root: Epoch 38, Validation loss|acc: 3.367577|0.669401 - (Best 3.2946|0.677247)
2018-12-11 19:13:10,153 INFO root: Epoch 39, Validation loss|acc: 3.353546|0.675820 - (Best 3.2946|0.677247)
2018-12-11 19:13:23,623 INFO root: Epoch 40, Validation loss|acc: 3.397030|0.680456 - (Best 3.2946|0.680456)
2018-12-11 19:13:37,326 INFO root: Epoch 41, Validation loss|acc: 3.389712|0.676890 - (Best 3.2946|0.680456)
2018-12-11 19:13:50,705 INFO root: Epoch 42, Validation loss|acc: 3.448789|0.676534 - (Best 3.2946|0.680456)
2018-12-11 19:14:03,347 INFO root: Epoch 43, Validation loss|acc: 3.463676|0.676890 - (Best 3.2946|0.680456)
2018-12-11 19:14:15,138 INFO root: Epoch 44, Validation loss|acc: 3.475403|0.686519 - (Best 3.2946|0.686519)
2018-12-11 19:14:26,704 INFO root: Epoch 45, Validation loss|acc: 3.495108|0.688659 - (Best 3.2946|0.688659)
2018-12-11 19:14:38,191 INFO root: Epoch 46, Validation loss|acc: 3.478895|0.702211 - (Best 3.2946|0.702211)
2018-12-11 19:14:49,800 INFO root: Epoch 47, Validation loss|acc: 3.513597|0.714337 - (Best 3.2946|0.714337)
2018-12-11 19:15:02,640 INFO root: Epoch 48, Validation loss|acc: 3.562656|0.711840 - (Best 3.2946|0.714337)
2018-12-11 19:15:15,751 INFO root: Epoch 49, Validation loss|acc: 3.536832|0.707917 - (Best 3.2946|0.714337)
2018-12-11 19:15:29,189 INFO root: Epoch 50, Validation loss|acc: 3.577694|0.709344 - (Best 3.2946|0.714337)
2018-12-11 19:15:42,635 INFO root: Epoch 51, Validation loss|acc: 3.629792|0.703281 - (Best 3.2946|0.714337)
2018-12-11 19:15:56,490 INFO root: Epoch 52, Validation loss|acc: 3.706605|0.696148 - (Best 3.2946|0.714337)
2018-12-11 19:16:10,102 INFO root: Epoch 53, Validation loss|acc: 3.774858|0.691869 - (Best 3.2946|0.714337)
2018-12-11 19:16:23,595 INFO root: Epoch 54, Validation loss|acc: 3.843525|0.684023 - (Best 3.2946|0.714337)
2018-12-11 19:16:35,823 INFO root: Epoch 55, Validation loss|acc: 4.030409|0.674394 - (Best 3.2946|0.714337)
2018-12-11 19:16:47,668 INFO root: Epoch 56, Validation loss|acc: 4.031989|0.674750 - (Best 3.2946|0.714337)
2018-12-11 19:16:59,129 INFO root: Epoch 57, Validation loss|acc: 3.956192|0.689729 - (Best 3.2946|0.714337)
2018-12-11 19:17:10,593 INFO root: Epoch 58, Validation loss|acc: 4.098588|0.687233 - (Best 3.2946|0.714337)
2018-12-11 19:17:22,781 INFO root: Epoch 59, Validation loss|acc: 4.047523|0.684736 - (Best 3.2946|0.714337)
2018-12-11 19:17:35,659 INFO root: Epoch 60, Validation loss|acc: 4.157009|0.665835 - (Best 3.2946|0.714337)
2018-12-11 19:17:48,860 INFO root: Epoch 61, Validation loss|acc: 4.290500|0.650499 - (Best 3.2946|0.714337)
2018-12-11 19:18:02,246 INFO root: Epoch 62, Validation loss|acc: 4.232757|0.660128 - (Best 3.2946|0.714337)
2018-12-11 19:18:16,008 INFO root: Epoch 63, Validation loss|acc: 4.511746|0.663695 - (Best 3.2946|0.714337)
2018-12-11 19:18:29,620 INFO root: Epoch 64, Validation loss|acc: 4.411283|0.661198 - (Best 3.2946|0.714337)
2018-12-11 19:18:42,539 INFO root: Epoch 65, Validation loss|acc: 4.393538|0.674037 - (Best 3.2946|0.714337)
2018-12-11 19:18:54,486 INFO root: Epoch 66, Validation loss|acc: 6.076295|0.619472 - (Best 3.2946|0.714337)
2018-12-11 19:19:05,778 INFO root: Epoch 67, Validation loss|acc: 4.563741|0.677960 - (Best 3.2946|0.714337)
2018-12-11 19:19:17,259 INFO root: Epoch 68, Validation loss|acc: 4.568909|0.676177 - (Best 3.2946|0.714337)
2018-12-11 19:19:28,702 INFO root: Epoch 69, Validation loss|acc: 4.569896|0.672611 - (Best 3.2946|0.714337)
2018-12-11 19:19:28,702 INFO root: Finished after 14.341262519359589 minutes.
